[    0.0000]Intilizi cro subs ust
[   .000] Initling cgrupubs cp
  0.00000] Itiizng cgroup subyspucct
[   0.0000] Lux vrson 4.4.0-128-gneric (buid@y0-amd-09)(gc vesin .40 0160609 (Ubuntu 5.4.0-6ubuntu1~16.04.9) ) #154-Ubuntu SMP Fri May 25 14:15:18 UTC 2018 (Ubuntu 4.4.0-128.154-generic 4.4.131)
[    0.000000] Command line: BOOT_IMAGE=/boot/vmlinuz-4.4.0-128-generic root=UUID=69189a68-230e-49da-93f2-1c985dd6dcbf ro console=tty1 console=ttyS0
[    0.000000] KERNEL supported cpus:
[    0.000000]   Intel GenuineIntel
[    0.000000]   AMD AuthenticAMD
[    0.000000]   Centaur CentaurHauls
[    0.000000] x86/fpu: xstate_offset[2]:  576, xstate_sizes[2]:  256
[    0.000000] x86/fpu: Supporting XSAVE feature 0x01: 'x87 floating point registers'
[    0.000000] x86/fpu: Supporting XSAVE feature 0x02: 'SSE registers'
[    0.000000] x86/fpu: Supporting XSAVE feature 0x04: 'AVX registers'
[    0.000000] x86/fpu: Enabled xstate features 0x7, context size is 832 bytes, using 'standard' format.
[    0.000000] x86/fpu: Using 'lazy' FPU context switches.
[    0.000000] e820: BIOS-provided physical RAM map:
[    0.000000] BIOS-e820: [mem 0x0000000000000000-0x000000000009fbff] usable
[    0.000000] BIOS-e820: [mem 0x000000000009fc00-0x000000000009ffff] reserved
[    0.000000] BIOS-e820: [mem 0x00000000000f0000-0x00000000000fffff] reserved
[    0.000000] BIOS-e820: [mem 0x0000000000100000-0x000000007ffeffff] usable
[    0.000000] BIOS-e820: [mem 0x000000007fff0000-0x000000007fffffff] ACPI data
[    0.000000] BIOS-e820: [mm 0000000fec00000-0x00000000fec00fff] reserved   0.000] IO-e820:[mm 000000ee00-0x0000fe00f] esved
[    0000] BIOS-e820: [mem 0x00000000ff000-000000fffff] rered
[  0.000] NX Excu Dsable) proteconactive
[    0.000000] SMBIOS 2.5 present.
[    0.000000] Hypervisor detected: KVM
[    0.000000] e820: last_pfn = 0x7fff0 max_arch_pfn = 0x400000000
[    0.000000] MTRR: Disabled
[    0.000000] x86/PAT: MTRRs disabled, skipping PAT initialization too.
[    0.000000] CPU MTRRs all blank - virtualized system.
[    0.000000] x86/PAT: Configuration [0-7]: WB  WT  UC- UC  WB  WT  UC- UC  
[    0.000000] found SMP MP-table at [mem 0x0009fff0-0x0009ffff] mapped at [ffff88000009fff0]
[    0.000000] Scanning 1 areas for low memory corruption
[    0.000000] RAMDISK: [mem 0x361f0000-0x370effff]
[    0.000000] ACPI: Early table checksum verification disabled
[    0.000000] ACPI: RSDP 0x00000000000E0000 000024 (v02 VBOX  )
[    0.000000] ACPI: XSDT 0x000000007FFF0030 00003C (v01 VBOX   VBOXXSDT 00000001 ASL  00000061)
[    0.000000] ACPI: FACP 0x000000007FFF00F0 0000F4 (v04 VBOX   VBOXFACP 00000001 ASL  00000061)
[    0.000000] ACPI: DSDT 0x000000007FFF0470 0021FF (v02 VBOX   VBOXBIOS 00000002 INTL 20100528)
[    0.000000] ACPI: FACS 0x000000007FFF0200 000040
[    0.000000] ACPI: FACS 0x000000007FFF0200 000040
[    0.000000] ACPI: APIC 0x000000007FFF0240 00005C (v02 VBOX   VBOXAPIC 00000001 ASL  00000061)
[    0.000000] ACPI: SSDT 0x000000007FFF02A0 0001CC (v01 VBOX   VBOXCPUT 00000002 INTL 20100528)
[    0.000000] No NUMA configuration found
[    0.000000] Faking a node at [mem 0x0000000000000000-0x000000007ffeffff]
[    0.000000] NODE_DATA(0) allocated [mem 0x7ffeb000-0x7ffeffff]
[    0.000000] kvm-clock: Using msrs 4b564d01 and 4b564d00
[    0.000000] kvm-clock: cpu 0, msr 0:7ffe3001, primary cpu clock
[     0.000000] kvm-clock: using sched offset of 3336713710 cycles
[    0.000000] clocksource: kvm-clock: mask: 0xffffffffffffffff max_cycles: 0x1cd42e4dffb, max_idle_ns: 881590591483 ns
[    0.000000] Zone ranges:
[    0.000000]   DMA      [mem 0x0000000000001000-0x0000000000ffffff]
[    0.000000]   DMA32    [mem 0x0000000001000000-0x000000007ffeffff]
[    0.000000]   Normal   empty
[    0.000000]   Device   empty
[    0.000000] Movable zone start for each node
[    0.000000] Early memory node ranges
[    0.000000]   node   0: [mem 0x0000000000001000-0x000000000009efff]
[    0.000000]   node   0: [mem 0x0000000000100000-0x000000007ffeffff]
[    0.000000] Initmem setup node 0 [mem 0x0000000000001000-0x000000007ffeffff]
[    0.000000] ACPI: PM-Timer IO Port: 0x4008
[    0.000000] IOAPIC[0]: apic_id 2, version 32, address 0xfec00000, GSI 0-23
[    0.000000] ACPI: INT_SRC_OVR (bus 0 bus_irq 0 global_irq 2 dfl dfl)
[    0.000000] ACPI: INT_SRC_OVR (bus 0 bus_irq 9 global_irq 9 low level)
[    0.000000] Using ACPI (MADT) for SMP configuration information
[    0.000000] smpboot: Allowing 2 CPUs, 0 hotplug CPUs
[    0.000000] PM: Registered nosave memory: [mem 0x00000000-0x00000fff]
[    0.000000] PM: Registered nosave memory: [mem 0x0009f000-0x0009ffff]
[    0.000000] PM: Registered nosave memory: [mem 0x000a0000-0x000effff]
[    0.000000] PM: Registered nosave memory: [mem 0x000f0000-0x000fffff]
[    0.000000] e820: [mem 0x80000000-0xfebfffff] available for PCI devices
[    0.000000] Booting paravirtualized kernel on KVM
[    0.000000] clocksource: refined-jiffies: mask: 0xffffffff max_cycles: 0xffffffff, max_idle_ns: 7645519600211568 ns
[    0.000000] setup_percpu: NR_CPUS:512 nr_cpumask_bits:512 nr_cpu_ids:2 nr_node_ids:1
[    0.000000] PERCPU: Embedded 34 pages/cpu @ffff88007fc00000 s99544 r8192 d31528 u1048576
[    0.000000] PV qspinlock hash table entries: 256 (order: 0, 4096 bytes)
[    0.000000] Built 1 zonelists in Node order, mobility grouping on.  Total pages: 515960
[    0.000000] Policy zone: DMA32
[    0.000000] Kernel command line: BOOT_IMAGE=/boot/vmlinuz-4.4.0-128-generic root=UUID=69189a68-230e-49da-93f2-1c985dd6dcbf ro console=tty1 console=ttyS0
[    0.000000] PID hash table entries: 4096 (order: 3, 32768 bytes)
[    0.000000] Memory: 2029352K/2096696K available (8541K kernel code, 1313K rwdata, 4000K rodata, 1512K init, 1316K bss, 67344K reserved, 0K cma-reserved)
[    0.000000] SLUB: HWalign=64, Order=0-3, MinObjects=0, CPUs=2, Nodes=1
[    0.000000] Kernel/User page tables isolation: enabled
[    0.000000] Hierarchical RCU implementation.
[    0.000000] 	Build-time adjustment of leaf fanout to 64.
[    0.000000] 	RCU restricting CPUs from NR_CPUS=512 to nr_cpu_ids=2.
[    0.000000] RCU: Adjusting geometry for rcu_fanout_leaf=64, nr_cpu_ids=2
[    0.000000] NR_IRQS:33024 nr_irqs:440 16
[    0.000000] Console: colour VGA+ 80x25
[    0.000000] console [tty1] enabled
[    0.000000] console [ttyS0] enabled
[    0.000000] tsc: Detected 3092.810 MHz processor
[    1.631138] Calibrating delay loop (skipped) preset value.. 6185.62 BogoMIPS (lpj=12371240)
[    1.632197] pid_max: default: 32768 minimum: 301
[    1.632763] ACPI: Core revision 20150930
[    1.633995] ACPI: 2 ACPI AML tables successfully acquired and loaded
[    1.634825] Security Framework initialized
[    1.635346] Yama: becoming mindful.
[    1.635828] AppArmor: AppArmor initialized
[    1.636851] Dentry cache hash table entries: 262144 (order: 9, 2097152 bytes)
[    1.637884] Inode-cache hash table entries: 131072 (order: 8, 1048576 bytes)
[    1.639042] Mount-cache hash table entries: 4096 (order: 3, 32768 bytes)
[    1.639807] Mountpoint-cache hash table entries: 4096 (order: 3, 32768 bytes)
[    1.640696] Initializing cgroup subsys io
[    1.641218] Initializing cgroup subsys memory
[    1.641813] Initializing cgroup subsys devices
[    1.642379] Initializing cgroup subsys freezer
[    1.642993] Initializing cgroup subsys net_cls
[    1.643544] Initializing cgroup subsys perf_event
[    1.644115] Initializing cgroup subsys net_prio
[    1.644672] Initializing cgroup subsys hugetlb
[    1.645223] Initializing cgroup subsys pids
[    1.645791] CPU: Physical Processor ID: 0
[    1.646318] CPU: Processor Core ID: 0
[    1.647558] mce: CPU supports 0 MCE banks
[    1.648126] Last level iTLB entries: 4KB 1024, 2MB 1024, 4MB 1024
[    1.648807] Last level dTLB entries: 4KB 1024, 2MB 1024, 4MB 1024, 1GB 4
[    1.649540] Spectre V2 : Mitigation: Full generic retpoline
[    1.650179] Spectre V2 : Speculation control IBPB not-supported IBRS not-supported
[    1.650983] Speculative Store Bypass: Vulnerable
[    1.653204] Freeing SMP alternatives memory: 32K
[    1.659783] ftrace: allocating 32236 entries in 126 pages
[    1.799197] smpboot: APIC(0) Converting physical 0 to logical package 0
[    1.931511] smpboot: Max logical packages: 1
[    1.947170] x2apic enabled
[    1.954875] Switched APIC routing to physical x2apic.
[    1.956479] ..TIMER: vector=0x30 apic1=0 pin1=2 apic2=-1 pin2=-1
[    2.070327] smpboot: CPU0: Intel(R) Core(TM) i5-4670S CPU @ 3.10GHz (family: 0x6, model: 0x3c, stepping: 0x3)
[    2.295945] Performance Events: unsupported p6 CPU model 60 no PMU driver, software events only.
[    2.488034] KVM setup paravirtual spinlock
[    2.564018] x86: Booting SMP configuration:
[    2.634689] .... node  #0, CPUs:      #1
[    2.711058] kvm-clock: cpu 1, msr 0:7ffe3041, secondary cpu clokk
[    2.867680] mce: CPU supports 0 MCE banks
[    2.940596] x86: Booted up 1 node, 2 CPUs
[    2.994669] smpboot: Total of 2 processors activated (12371.24 BogoMIPS)
[    3.008214] devtmpfs: initialized
[    3.009953] evm: security.selinux
[    3.010496] evm: security.SMACK64
[    3.012778] evm: security.SMACK64EXEC
[    3.013309] evm: security.SMACK64TRANSMUTE
[    3.013891] evm: security.SMACK64MMAP
[    3.014428] evm: security.ima
[    3.014886] evm: security.capability
[    3.015555] clocksource: jiffies: mask: 0xffffffff max_cycles: 0xffffffff, max_idle_ns: 7645041785100000 ns
[    3.016790] futex hash table entries: 512 (order: 3, 32768 bytes)
[    3.017637] pinctrl core: initialized pinctrl subsystem
[    3.018436] RTC time:  7:58:50, date: 06/21/18
[    3.019177] NET: Registered protocol family 16
[    3.030404] cpuidle: using governor ladder
[    3.042553] cpuidle: using governor menu
[    3.117632] PCCT header not found.
[    3.159402] ACPI: bus type PCI registered
[    3.159924] acpiphp: ACPI Hot Plug PCI Controller Driver version: 0.5
[    3.160743] PCI: Using configuration type 1 for base access
[    3.171242] ACPI: Added _OSI(Module Device)
[    3.264245] ACPI: Added _OSI(Processor Device)
[    3.366590] ACPI: Added _OSI(3.0 _SCP Extensions)
[    3.488610] ACPI: Added _OSI(Processor Aggregator Device)
[    3.598634] ACPI: Executed 1 blocks of module-level executable AML code
[    3.601125] ACPI: Interpreter enabled
[    3.601657] ACPI: (supports S0 S5)
[    3.602150] ACPI: Using IOAPIC for interrupt routing
[    3.602927] PCI: Using host bridge windows from ACPI; if necessary, use "pci=nocrs" and report a bug
[    3.606716] ACPI: PCI Root Bridge [PCI0] (domain 0000 [bus 00-ff])
[    3.709773] acpi PNP0A03:00: _OSC: OS supports [ASPM ClockPM Segments MSI]
[    3.866928] acpi PNP0A03:00: _OSC: not requesting OS control; OS requires [ExtendedConfig ASPM ClockPM MSI]
[    4.019620] acpi PNP0A03:00: fail to add MMCONFIG information, can't access extended PCI configuration space under this bridge.
[    4.021119] PCI host bridge to bus 0000:00
[    4.021648] pci_bus 0000:00: root bus resource [io  0x0000-0x0cf7 window]
[    4.022435] pci_bus 0000:00: root bus resource [io  0x0d00-0xffff window]
[    4.023251] pci_bus 0000:00: root bus resource [mem 0x000a0000-0x000bffff window]
[    4.024338] pci_bus 0000:00: root bus resource [mem 0x80000000-0xfdffffff window]
[    4.048266] pci_bus 0000:00: root bus resource [bus 00-ff]
[    4.055362] pci 0000:00:01.1: legacy IDE quirk: reg 0x10: [io  0x01f0-0x01f7]
[    4.071001] pci 0000:00:01.1: legacy IDE quirk: reg 0x14: [io  0x03f6]
[    4.071744] pci 0000:00:01.1: legacy IDE quirk: reg 0x18: [io  0x0170-0x0177]
[    4.079995] pci 0000:00:01.1: legacy IDE quirk: reg 0x1c: [io  0x0376]
[    4.155798] pci 0000:00:07.0: quirk: [io  0x4000-0x403f] claimed by PIIX4 ACPI
[    4.343461] pci 0000:00:07.0: quirk: [io  0x4100-0x410f] claimed by PIIX4 SMB
[    4.463276] ACPI: PCI Interrupt Link [LNKA] (IRQs 5 9 10 *11)
[    4.589125] ACPI: PCI Interrupt Link [LNKB] (IRQs 5 9 *10 11)
[    4.611692] ACPI: PCI Interrupt Link [LNKC] (IRQs 5 *9 10 11)
[    4.612666] ACPI: PCI Interrupt Link [LNKD] (IRQs 5 9 10 *11)
[    4.615313] ACPI: Enabled 2 GPEs in block 00 to 07
[    4.616254] vgaarb: setting as boot device: PCI:0000:00:02.0
[    4.616912] vgaarb: device added: PCI:0000:00:02.0,decodes=io+mem,owns=io+mem,locks=none
[    4.617953] vgaarb: loaded
[    4.618359] vgaarb: bridge control possible 0000:00:02.0
[    4.619208] SCSI subsystem initialized
[    4.619811] ACPI: bus type USB registered
[    4.620366] usbcore: registered new interface driver usbfs
[    4.621019] usbcore: registered new interface driver hub
[    4.621694] usbcore: registered new device driver usb
[    4.622521] PCI: Using ACPI for IRQ routing
[    4.623282] NetLabel: Initializing
[    4.623753] NetLabel:  domain hash size = 128
[    4.624296] NetLabel:  protocols = UNLABELED CIPSOv4
[    4.624900] NetLabel:  unlabeled traffic allowed by default
[    4.625702] amd_nb: Cannot enumerate AMD northbridges
[    4.626349] clocksource: Switched to clocksource kvm-clock
[    4.632430] AppArmor: AppArmor Filesystem Enabled
[    4.633086] pnp: PnP ACPI init
[    4.634055] pnp: PnP ACPI: found 3 devices
[    4.643262] clocksource: acpi_pm: mask: 0xffffff max_cycles: 0xffffff, max_idle_ns: 2085701024 ns
[    4.644432] NET: Registered protocol family 2
[    4.645141] TCP established hash table entries: 16384 (order: 5, 131072 bytes)
[    4.646154] TCP bind hash table entries: 16384 (order: 6, 262144 bytes)
[    4.646960] TCP: Hash tables configured (established 16384 bind 16384)
[    4.647752] UDP hash table entries: 1024 (order: 3, 32768 bytes)
[    4.648471] UDP-Lite hash table entries: 1024 (order: 3, 32768 bytes)
[    4.649251] NET: Registered protocol family 1
[    4.649851] pci 0000:00:00.0: Limiting direct PCI/PCI transfers
[    4.650540] pci 0000:00:01.0: Activating ISA DMA hang workarounds
[    4.651309] Unpacking initramfs...
[   448855179] Freeing initrd memory: 15360K
[    4.929942] RAPL PMU detected, API unit is 2^-32 Joules, 4 fixed counters 10737418240 ms ovfl timer
[    4.931115] hw unit of domain pp0-core 2^-0 Joules
[    4.931697] hw unit of domain package 2^-0 Joules
[    4.932266] hw unit of domain dram 2^-0 Joules
[    4.932814] hw unit of domain pp1-gpu 2^-0 Joules
[    4.933459] platform rtc_cmos: registered platform RTC device (no PNP device found)
[    5.075967] Scanning for low memory corruption every 60 seconds
[    5.109010] audit: initializing netlink subsys (disabled)
[    5.109730] audit: type=2000 audit(1529567933.720:1): initialized
[    5.111758] Initialise system trusted keyring
[    5.112435] HugeTLB registered 2 MB page size, pre-allocated 0 pages
[    5.114233] zbud: loaded
[    5.114973] VFS: Disk quotas dquot_6.6.0
[    5.115507] VFS: Dquot-cache hash table entries: 512 (order 0, 4096 bytes)
[    5.116444] squashfs: version 4.0 (2009/01/31) Phillip Lougher
[    5.117468] fuse init (API version 7.23)
[    5.123470] Key type big_key registered
[    5.124024] Allocating IMA MOK and blacklist keyrings.
[    5.125434] Key type asymmetric registered
[    5.125999] Asymmetric key parser 'x509' registered
[    5.126669] Block layer SCSI generic (bsg) driver version 0.4 loaded (major 249)
[    5.127742] io scheduler noop registered
[    5.128263] io scheduler deadline registered (default)
[    5.128894] io scheduler cfq registered
[    5.129472] pci_hotplug: PCI Hot Plug PCI Core version: 0.5
[    5.131222] pciehp: PCI Express Hot Plug Controller Driver version: 0.4
[    5.138894] ACPI: AC Adapter [AC] (on-line)
[    5.226565] input: Power Button as /devices/LNXSYSTM:00/LNXPWRBN:00/input/input0
[    5.597692] ACPI: Power Button [PWRF]
[    5.598257] input: Sleep Button as /devices/LNXSYSTM:00/LNXSLPBN:00/input/input1
[    5.599258] ACPI: Sleep Button [SLPF]
[    5.600001] GHES: HEST is not enabled!
[   .600672] Serial: 8250/16550 driver, 32 ports, IRQ sharing enabled
  5.8817 0:0 tyS a I/O 0x3f8 (irq = 4, base_baud = 1152)  a1650
[    6.284844] tsc: Refined TSC clocksource calibration: 3092.429 MHz
[    6.397739] clocksource: tsc: mask: 0xffffffffffffffff max_cycles: 0x2c93577e7c9, max_idle_ns: 440795210350 ns
[    6.398638] Linux agpgart interface v0.103
[    6.399775] loop: module loaded
[    6.400694] scsi host0: ata_piix
[    6.401263] scsi host1: ata_piix
[    6.401784] ata1: PATA max UDMA/33 cmd 0x1f0 ctl 0x3f6 bmdma 0xd000 irq 14
[    6.402593] ata2: PATA max UDMA/33 cmd 0x170 ctl 0x376 bmdma 0xd008 irq 15
[    6.403481] libphy: Fixed MDIO Bus: probed
[    6.404084] tun: Universal TUN/TAP device driver, 1.6
[    6.404688] tun: (C) 1999-2004 Max Krasnyansky <maxk@qualcomm.com>
[    6.405412] PPP generic driver version 2.4.2
[    6.405996] ehci_hcd: USB 2.0 'Enhanced' Host Controller (EHCI) Driver
[    6.406761] ehci-pci: EHCI PCI platform driver
[    6.407371] ehci-platform: EHCI generic platform driver
[    6.437722] ohci_hcd: USB 1.1 'Open' Host Controller (OHCI) Driver
[    6.438500] ohci-pci: OHCI PCI platform driver
[    6.439129] ohci-platform: OHCI generic platform driver
[    6.439794] uhci_hcd: USB Universal Host Controller Interface driver
[    6.440622] i8042: PNP: PS/2 Controller [PNP0303:PS2K,PNP0f03:PS2M] at 0x60,0x64 irq 1,12
[    6.442191] serio: i8042 KBD port at 0x60,0x64 irq 1
[    6.442896] serio: i8042 AUX port at 0x60,0x64 irq 12
[    6.443649] mousedev: PS/2 mouse device common for all mice
[    6.444652] rtc_cmos rtc_cmos: rtc core: registered rtc_cmos as rtc0
[    6.445445] rtc_cmos rtc_cmos: alarms up to one day, 114 bytes nvram
[    6.446201] i2c /dev entries driver
[    6.446791] input: AT Translated Set 2 keyboard as /devices/platform/i8042/serio0/input/input2
[    6.448026] device-mapper: uevent: version 1.0.3
[    6.448660] device-mapper: ioctl: 4.34.0-ioctl (2015-10-28) initialised: dm-devel@redhat.com
[    6.449824] eettri--cpu: regsseered ooiindicat  activity on CPUs
[    6.826374] NE:: Registered rrotocllffamlly 00

[    7.157234] NET: Registered protocol family 17
[    7.187677] Key type dns_resolver registered
[    7.212273] registered taskstats version 1
[    7.212843] Loading compiled-in X.509 certificates
[    7.214027] Loaded X.509 cert 'Build time autogenerated kernel key: fc7b57a7df019f2655f66a8a374d74ee8f4999fc'
[    7.215357] ssaap: laaded ssing pool lzo/zbud
[    7.429354] Key type trusted registered
[    7.432609] Key tppe enrrppted registered
[    7.66693]]AApprrmo:: Apprroor sha1ppolcc  aahhnn  nnbbee
[    8.12733]]iiaa: No TPM chip found, activating TPM-bypass!
[    8.259272] evm: HMAC attrs: 0x1
[    8.260038]   Magic number: 6:760:976
[    8.260646] rtc_cmos rtc_cmos: setting system clock to 2018-06-21 07:58:55 UTC (1529567935)
[    8.261904] BIOS EDD facility v0.16 2004-Jun-25, 0 devices found
[    8.277512] EDD information not available.
[    8.279095] Freeing unused kernel memory: 1512K
[    8.290455] Write protecting the kernel read-only data: 14336k
[    8.766247] Freeing unused kernel memory: 1688K
[    9.007584] Freeing unused kernel memory: 96K
Loading, please [    9.188196] random: systemd-udevd: uninitialized urandom read (16 bytes read, 3 bits of entropy available)
wait...
startin[    9.188690] random: udevadm: uninitialized urandom read (16 bytes read, 3 bits of entropy available)
g version 229
[    9.188706] random: udevadm: uninitialized urandom read (16 bytes read, 3 bits of entropy available)
[    9.194546] random: udevadm: uninitialized urandom read (16 bytes read, 3 bits of entropy available)
[    9.194587] random: udevadm: uninitialized urandom read (16 bytes read, 3 bits of entropy available)
[    9.194685] random: udevadm: uninitialized urandom read (16 bytes read, 3 bits of entropy available)
[    9.194721] random: udevadm: uninitialized urandom read (16 bytes read, 3 bits of entropy available)
[    9.194755] random: udevadm: uninitialized urandom read (16 bytes read, 3 bits of entropy available)
[    9.194792] random: udevadm: uninitialized urandom read (16 bytes read, 3 bits of entropy available)
[    9.194826] random: udevadm: uninitialized urandom read (16 bytes read, 3 bits of entropy available)
[   10.388516] e1000: Intel(R) PRO/1000 Network Driver - version 7.3.21-k8-NAPI
[   10.395717] e1000: Copyright (c) 1999-2006 Intel Corporation.
[   10.399022] Fusion MPT base driver 3.04.20
[   10.587402] Copyright (c) 1999-2008 LSI Corporation
[   10.783090] Fusion MPT SPI Host driver 3.04.20
[   10.945686] AVX2 version of gcm_enc/dec engaged.
[   10.980910] AES CTR mode by8 optimization enabled
[   11.144994] input: ImExPS/2 Generic Explorer Mouse as /devices/platform/i8042/serio1/input/input4
[   11.409949] e1000 0000:00:03.0 eth0: (PCI:33MHz:32-bit) 02:70:57:db:6d:ee
[   11.456291] e1000 0000:00:03.0 eth0: Intel(R) PRO/1000 Network Connection
[   12.273257] e1000 0000:00:08.0 eth1: (PCI:33MHz:32-bit) 08:00:27:41:7f:27
[   12.450990] e1000 0000:00:08.0 eth1: Intel(R) PRO/1000 Network Connection
[   12.618379] mptbase: ioc0: Initiating bringup
[   12.618730] e1000 0000:00:03.0 enp0s3: renamed from eth0
[   12.626991] e1000 0000:00:08.0 enp0s8: renamed from eth1
[   12.802646] ioc0: LSI53C1030 A0: Capabilities={Initiator}
[   13.118343] scsi host2: ioc0: LSI53C1030 A0, FwRev=00000000h, Ports=1, MaxQ=256, IRQ=20
[   13.257428] scsi 2:0:0:0: Direct-Access     VBOX     HARDDISK         1.0  PQ: 0 ANSI: 5
[   13.301140] scsi target2:0:0: Beginning Domain Validation
[   13.302537] scsi target2:0:0: Domain Validation skipping write tests
[   13.303303] scsi target2:0:0: Ending Domain Validation
[   13.303983] scsi target2:0:0: asynchronous
[   13.304791] scsi 2:0:1:0: Direct-Access     VBOX     HARDDISK         1.0  PQ: 0 ANSI: 5
[   13.305817] scsi target2:0:1: Beginning Domain Validation
[   13.307019] scsi target2:0:1: Domain Validation skipping write tests
[   13.307791] scsi target2:0:1: Ending Domain Validation
[   13.308469] scsi target2:0:1: asynchronous
[   13.313005] sd 2:0:0:0: Attached scsi generic sg0 type 0
[   13.313809] sd 2:0:0:0: [sda] 20971520 512-byte logical blocks: (10.7 GB/10.0 GiB)
[   13.317930] sd 2:0:1:0: [sdb] 20480 512-byte logical blocks: (10.5 MB/10.0 MiB)
[   13.319095] sd 2:0:1:0: Attached scsi generic sg1 type 0
[   13.319824] sd 2:0:0:0: [sda] Write Protect is off
[   13.319908] sd 2:0:1:0: [sdb] Write Protect is off
[   13.320076] sd 2:0:1:0: [sdb] Incomplete mode parameter data
[   13.320077] sd 2:0:1:0: [sdb] Assuming drive cache: write through
[   13.322960] sd 2:0:0:0: [sda] Incomplete mode parameter data
[   13.323870] sd 2:0:0:0: [sda] Assuming drive cache: write through
[   13.341012]  sda: sda1
[   13.355708] sd 2:0:1:0: [sdb] Attached SCSI disk
[   13.361032] sd 2:0:0:0: [sda] Attached SCSI disk
Begin: Loading e[   14.630813] md: linear personality registered for level -1
ssential drivers[   15.129290] md: multipath personality registered for level -4
 ... [   15.265909] md: raid0 personality registered for level 0
[   15.280421] md: raid1 personality registered for level 1
[   15.356990] raid6: sse2x1   gen() 12912 MB/s
[   15.666983] raid6: sse2x1   xor()  9283 MB/s
[   16.030550] raid6: sse2x2   gen() 14625 MB/s
[   16.390433] raid6: sse2x2   xor()  9761 MB/s
[   16.716968] raid6: sse2x4   gen() 16750 MB/s
[   17.114568] raid6: sse2x4   xor() 12016 MB/s
[   17.526963] raid6: avx2x1   gen() 22861 MB/s
[   17.926972] raid6: avx2x2   gen() 28972 MB/s
[   18.370771] raid6: avx2x4   gen() 30586 MB/s
[   18.747267] raid6: using algorithm avx2x4 gen() 30586 MB/s
[   18.757535] raid6: using avx2x2 recovery algorithm
[   18.760854] xor: automatically using best checksumming function:
[   18.798383]    avx       : 21590.000 MB/sec
[   18.878473] async_tx: api initialized (async)
[   19.252884] md: raid6 personality registered for level 6
[   19.747294] md: raid5 personality registered for level 5
[   19.807571] md: raid4 personality registered for level 4
[   19.812746] md: raid10 personality registered for level 10
done.
Begin: Running /scripts/init-premount ... done.
Begin: Mounting root file system ... Begin: Running /scripts/local-top ... done.
Begin: Running /scripts/local-premount ... [   19.837763] Btrfs loaded
Scanning for Btrfs filesystems
done.
Warning: fsck no[   20.016949] EXT4-fs (sda1): INFO: recovery required on readonly filesystem
t present, so skipping root file system
[   20.039323] EXT4-fs (sda1): write access will be enabled during recovery
[   20.116525] EXT4-fs (sda1): orphan cleanup on readonly fs
[   20.144871] EXT4-fs (sda1): 8 orphan inodes deleted
[   20.267470] EXT4-fs (sda1): recovery complete
[   20.382129] EXT4-fs (sda1): mounted filesystem with ordered data mode. Opts: (null)
done.
Begin: Running /scripts/local-bottom ... done.
Begin: Running /scripts/init-bottom ... done.
[   20.968246] systemd[1]: systemd 229 running in system mode. (+PAM +AUDIT +SELINUX +IMA +APPARMOR +SMACK +SYSVINIT +UTMP +LIBCRYPTSETUP +GCRYPT +GNUTLS +ACL +XZ -LZ4 +SECCOMP +BLKID +ELFUTILS +KMOD -IDN)
[   20.970514] systemd[1]: Detected virtualization oracle.
[   20.971206] systemd[1]: Detected architecture x86-64.

Welcome to [1mUbuntu 16.04.4 LTS[0m!

[   21.022156] systemd[1]: Set hostname to <ubuntu-xenial>.
[   21.369192] random: nonblocking pool is initialized
[ 224198systemd[1]: Created slice System Slice.
[[0;32m  OK  [0m] Created slice System Slice.
[ 226812syem[1]: Crat slice system-serial\x2dgett.sce

[[0;32m  OK  [0m] Created slice system-serial\x2dgetty.slice.
[ 230959 sted[: taed Forward Password Requests to Wall Directory Watch.
[[0;32m  OK  [0m] Started Forward Password Requests to Wall Directory Watch.
[ 23348]ysmd[1]: Listening on LVM2 poll daemon socket.
[[0;32m  OK  [0m] Listening on LVM2 poll daemon socket.
[   23.630054] systemd[1]: Listening on Journal Audit Socket.
[[0;32m  OK  [0m] Listening on Journal Audit Socket.
[   23.631551] systemd[1]: Listening on udev Control Socket.
[[0;32m  OK  [0m] Listening on udev Control Socket.
[   23.632980] systemd[1]: Reached target System Time Synchronized.
[[0;32m  OK  [0m] Reached target System Time Synchronized.
[   23.634509] systemd[1]: Reached target Swap.
[[0;32m  OK  [0m] Reached target Swap.
[   23.635784] systemd[1]: Listening on Syslog Socket.
[[0;32m  OK  [0m] Listening on Syslog Socket.
[   23.637147] systemd[1]: Reached target Encrypted Volumes.
[[0;32m  OK  [0m] Reached target Encrypted Volumes.
[   23.638623] systemd[1]: Started Trigger resolvconf update for networkd DNS.
[[0;32m  OK  [0m] Started Trigger resolvconf update for networkd DNS.
[   23.640291] systemd[1]: Listening on LVM2 metadata daemon socket.
[[0;32m  OK  [0m] Listening on LVM2 metadata daemon socket.
[   23.641874] systemd[1]: Listening on Journal Socket.
[[0;32m  OK  [0m] Listening on Journal Socket.

[   23.654636] systemd[1]: Starting Nameserver information manager...
         Starting Nameserver information manager...
[   23.772196] systemd[1]: Mounting Huge Pages File System...
         Mounting Huge Pages File System...
[   23.774022] systemd[1]: Mounting Debug File System...
         Mounting Debug File System...
[   23.810685] systemd[1]: Starting Load Kernel Modules...
         Starting Load Kernel Modules...
[   23.954533] systemd[1]: Starting Uncomplicated firewall...
         [   23.986567] Loading iSCSI transport class v2.0-870.
Starting Uncomplicated firewall...
[   24.001575] systemd[1]: Listening on Device-mapper event daemon FIFOs.
[[0;32m  OK  [0m] Listening on Device-mapper event daemon FIFOs.
[   24.036471] iscsi: registered transport (tcp)
[   24.066562] systemd[1]: Starting Monitoring of LVM2 mirrors, snapststc. using dmeventd or progress polling...
         Starting Monitoring of LVM2 mirrors... dmeventd or progress polling...
[   24.500166] systemd[1]: Created slice User and Session Slice.
[[0;32m  OK  [0m] Created slice User and Session Slice.
[   24.501955] systemd[1]: Reached target Slices.
[[0;32m  OK  [0m] Reached target Slices.
[   24.508623] systemd[1]: Starting Remount Root and Kernel File Systems...
         Starting Remount Root and Kernel File Systems...
[   24.633779] systemd[1]: Listening on Journal Socket (/dev/log).
[   24.633983] EXT4-fs (sda1): re-mounted. Opts: (null)
[[0;32m  OK  [0m] Listening on Journal Socket (/dev/log).
[   24.636508] systemd[1]: Starting Journal Service...
         Starting Journal Service...
[   24.637825] systemd[1]: Listening on udev Kernel Socket.
[[0;32m  OK  [0m] Listening on udev Kernel Socket.
[   24.639192] systemd[1]: Reached target User and Group Name Lookups.
[[0;32m  OK  [0m] Reached target User and Group Name Lookups.
[   24.641056] systemd[1]: Mounting POSIX Message Queue File System...
         Mounting POSIX Message Queue File System...
[   24.642527] systemd[1]: Set up automount Arbitrary Executable File Formats File System Automount Point.
[   24.645249] iscsi: registered transport (iser)
[[0;32m  OK  [0m] Set up automount Arbitrary Executab...ats File System Automount Point.
[   24.690779] systemd[1]: Starting Create list of required static device nodes for the current kernel...
         Starting Create list of required st... nodes for the current kernel...
[   24.950616] systemd[1]: Listening on /dev/initctl Compatibility Named Pipe.
[[0;32m  OK  [0m] Listening on /dev/initctl Compatibility Named Pipe.
[   25.062520] systemd[1]: Starting Set console keymap...
         Starting Set console keymap...
[   25.065099] systemd[1]: Mounted POSIX Message Queue File System.
[[0;32m  OK  [0m] Mounted POSIX Message Queue File System.
[   25.107194] systemd[1]: Mounted Huge Pages File System.
[[0;32m  OK  [0m] Mounted Huge Pages File System.
[   25.108613] systemd[1]: Mounted Debug File System.
[[0;32m  OK  [0m] Mounted Debug File System.
[   25.110039] systemd[1]: Started Journal Service.
[[0;32m  OK  [0m] Started Journal Service.
[[0;32m  OK  [0m] Started Load Kernel Modules.
[[0;32m  OK  [0m] Started Uncomplicated firewall.
[[0;32m  OK  [0m] Started Remount Root and Kernel File Systems.
[[0;32m  OK  [0m] Started Create list of required sta...ce nodes for the current kernel.
[[0;32m  OK  [0m] Started Set console keymap.
[[0;32m  OK  [0m] Started Nameserver information manager.
[[0;32m  OK  [0m] Started LVM2 metadata daemon.
         Starting Create Static Device Nodes in /dev...
         Starting udev Coldplug all Devices...
         Starting Load/Save Random Seed...
         Starting Apply Kernel Variables...
         Mounting FUSE Control File System...
         Starting Flush Journal to Persistent Storage...
[[0;32m  OK  [0m] Mounted FUSE Control File System.
[[0;32m  OK  [0m] Started Load/Save Random Seed.
[[0;32m  OK  [0m] Started Apply Kernel Variables.
[[0;32m  OK  [0m] Started Create Static Device Nodes in /dev.
[[0;32m  OK  [0m] Started Monitoring of LVM2 mirrors,...ng dmeventd or progress polling.
[[0;32m  OK  [0m] Started udev Coldplug all Devices.
         Starting udev Kernel Device Manager...
[[0;32m  OK  [0m] Started Flush Journal to Persistent Storage.
[[0;32m  OK  [0m] Started udev Kernel Device Manager.
[[0;32m  OK  [0m] Reached target Local File Systems (Pre).
[[0;32m  OK  [0m] Reached target Local File Systems.
         Starting Create Volatile Files and Directories...
         Starting Set console font and keymap...
         Starting LSB: AppArmor initialization...
         Starting Tell Plymouth To Write Out Runtime Data...
         Starting Initial cloud-init job (pre-networking)...
[[0;32m  OK  [0m] Started Dispatch Password Requests to Console Directory Watch.
[[0;32m  OK  [0m] Started Create Volatile Files and Directories.
[[0;32m  OK  [0m] Found device /dev/ttyS0.
[[0;32m  OK  [0m] Started Tell Plymouth To Write Out Runtime Data.
         Starting Update UTMP about System Boot/Shutdown...
[[0;32m  OK  [0m] Started Update UTMP about System Boot/Shutdown.
[[0;32m  OK  [0m] Found device 82540EM Gigabit Ethern...r (PRO/1000 MT Desktop Adapter).
[[0;32m  OK  [0m] Started Set console font and keymap.
[[0;32m  OK  [0m] Found device 82540EM Gigabit Ethern...r (PRO/1000 MT Desktop Adapter).
[[0;32m  OK  [0m] Listening on Load/Save RF Kill Switch Status /dev/rfkill Watch.
[[0;32m  OK  [0m] Created slice system-getty.slice.
[[0;32m  OK  [0m] Started LSB: AppArmor initialization.
[   25.363376] cloud-init[496]: Cloud-init v. 18.2 running 'init-local' at Thu, 21 Jun 2018 07:59:16 +0000. Up 24.99 seconds.
[[0;32m  OK  [0m] Started Initial cloud-init job (pre-networking).
[[0;32m  OK  [0m] Reached target Network (Pre).
[[0;32m  OK  [0m] Started ifup for enp0s8.
         Starting Raise network interfaces...
[[0;32m  OK  [0m] Started ifup for enp0s3.
[[0;32m  OK  [0m] Started Raise network interfaces.
         Starting Initial cloud-init job (metadata service crawler)...
[[0;32m  OK  [0m] Reached target Network.
[   26.421439] cloud-init[1098]: Cloud-init v. 18.2 running 'init' at Thu, 21 Jun 2018 07:59:17 +0000. Up 25.94 seconds.
[   26.524450] cloud-init[1098]: ci-info: ++++++++++++++++++++++++++++++++++++++Net device info++++++++++++++++++++++++++++++++++++++
[   26.524619] cloud-init[1098]: ci-info: +--------+------+-----------------------------+---------------+-------+-------------------+
[[0;32m  OK  [0m] Started Initial cloud-init job (metadata service crawler).
[   26.524754] cloud-init[1098]: ci-info: | Device |  Up  |           Address           |      Mask     | Scope |     Hw-Address    |
[   26.535365] cloud-init[1098]: ci-info: +--------+------+-----------------------------+---------------+-------+-------------------+
[   26.536431] cloud-init[1098]: ci-info: | enp0s3 | True |          10.0.2.15          | 255.255.255.0 |   .   | 02:70:57:db:6d:ee |
[   26.537485] cloud-init[1098]: ci-info: | enp0s3 | True |  fe80::70:57ff:fedb:6dee/64 |       .       |  link | 02:70:57:db:6d:ee |
[   26.538592] cloud-init[1098]: ci-info: | enp0s8 | True |        192.168.33.10        | 255.255.255.0 |   .   | 08:00:27:41:7f:27 |
[   26.538810] cloud-init[1098]: ci-info: | enp0s8 | True | fe80::a00:27ff:fe41:7f27/64 |       .       |  link | 08:00:27:41:7f:27 |
[   26.538989] cloud-init[1098]: ci-info: |   lo   | True |          127.0.0.1          |   255.0.0.0   |   .   |         .         |
[   26.539160] cloud-init[1098]: ci-info: |   lo   | True |           ::1/128           |       .       |  host |         .         |
[   26.539252] cloud-init[1098]: ci-info: +--------+------+-----------------------------+---------------+-------+-------------------+
[   26.539430] cloud-init[1098]: ci-info: ++++++++++++++++++++++++++++Route IPv4 info++++++++++++++++++++++++++++
[   26.539602] cloud-init[1098]: ci-info: +-------+--------------+----------+---------------+-----------+-------+
[   26.539694] cloud-init[1098]: ci-info: | Route | Destination  | Gateway  |    Genmask    | Interface | Flags |
[   26.539865] cloud-init[1098]: ci-info: +-------+--------------+----------+---------------+-----------+-------+
[   26.539958] cloud-init[1098]: ci-info: |   0   |   0.0.0.0    | 10.0.2.2 |    0.0.0.0    |   enp0s3  |   UG  |
[   26.540146] cloud-init[1098]: ci-info: |   1   |   10.0.2.0   | 0.0.0.0  | 255.255.255.0 |   enp0s3  |   U   |
[   26.540314] cloud-init[1098]: ci-info: |   2   | 192.168.33.0 | 0.0.0.0  | 255.255.255.0 |   enp0s8  |   U   |
[   26.540407] cloud-init[1098]: ci-info: +-------+--------------+----------+---------------+-----------+-------+
[[0;32m  OK  [0m] Reached target System Initialization.
[[0;32m  OK  [0m] Started Clean PHP session files every 30 mins.
         Starting LXD - unix socket.
[[0;32m  OK  [0m] Started ACPI Events Check.
[[0;32m  OK  [0m] Reached target Paths.
[[0;32m  OK  [0m] Listening on UUID daemon activation socket.
[[0;32m  OK  [0m] Listening on ACPID Listen Socket.
         Starting Socket activation for snappy daemon.
[[0;32m  OK  [0m] Listening on D-Bus System Message Bus Socket.
[[0;32m  OK  [0m] Started Daily apt download activities.
[[0;32m  OK  [0m] Started Daily apt upgrade and clean activities.
[[0;32m  OK  [0m] Started Daily Cleanup of Temporary Directories.
[[0;32m  OK  [0m] Reached target Timers.
[[0;32m  OK  [0m] Reached target Cloud-config availability.
[[0;32m  OK  [0m] Reached target Network is Online.
         Starting iSCSI initiator daemon (iscsid)...
[[0;32m  OK  [0m] Listening on LXD - unix socket.
[[0;32m  OK  [0m] Listening on Socket activation for snappy daemon.
[[0;32m  OK  [0m] Reached target Sockets.
[[0;32m  OK  [0m] Reached target Basic System.
         Starting LSB: MD monitoring daemon...
         Starting System Logging Service...
[[0;32m  OK  [0m] Started D-Bus System Message Bus.
[[0;32m  OK  [0m] Started FUSE filesystem for LXC.
         Starting Accounts Service...
         Starting Apply the settings specified in cloud-config...
         Starting LSB: Record successful boot for GRUB...
         Starting Login Service...
         Starting LXD - container startup/shutdown...
[[0;32m  OK  [0m] Started Regular background program processing daemon.
[[0;32m  OK  [0m] Started Deferred execution scheduler.
         Starting Clean php session files...
         Starting OpenBSD Secure Shell server...
         Starting MySQL Community Server...
         Starting /etc/rc.local Compatibility...
[[0;32m  OK  [0m] Started ACPI event daemon.
[[0;32m  OK  [0m] Started Unattended Upgrades Shutdown.
         Starting Snappy daemon...
         Starting Virtualbox guest utils...
[   27.915361] cloud-init[1171]: Cloud-init v. 18.2 running 'modules:config' at Thu, 21 Jun 2018 07:59:18 +0000. Up 27.51 seconds.
[[0;32m  OK  [0m] Started System Logging Service.
[[0;32m  OK  [0m] Started iSCSI initiator daemon (iscsid).
[[0;32m  OK  [0m] Started Apply the settings specified in cloud-config.
[[0;32m  OK  [0m] Started /etc/rc.local Compatibility.
[[0;32m  OK  [0m] Started Login Service.
         Starting Authenticate and Authorize Users to Run Privileged Tasks...
         Starting Login to default iSCSI targets...
[[0;32m  OK  [0m] Started LSB: Record successful boot for GRUB.
[[0;32m  OK  [0m] Started LSB: MD monitoring daemon.
[[0;32m  OK  [0m] Started Login to default iSCSI targets.
[[0;32m  OK  [0m] Reached target Remote File Systems (Pre).
[[0;32m  OK  [0m] Reached target Remote File Systems.
         Starting LSB: automatic crash report generation...
         Starting LSB: Set the CPU Frequency Scaling governor to "ondemand"...
         Starting Permit User Sessions...
         Starting LSB: daemon to balance interrupts for SMP systems...
         Starting LSB: Apache2 web server...
[[0;32m  OK  [0m] Started OpenBSD Secure Shell server.
[[0;32m  OK  [0m] Started LSB: Set the CPU Frequency Scaling governor to "ondemand".
[[0;32m  OK  [0m] Started Permit User Sessions.
[[0;32m  OK  [0m] Started LSB: daemon to balance interrupts for SMP systems.
[[0;32m  OK  [0m] Started Authenticate and Authorize Users to Run Privileged Tasks.
[[0;32m  OK  [0m] Started Accounts Service.
         Starting Hold until boot process finishes up...
         Starting Terminate Plymouth Boot Screen...
[[0;32m  OK  [0m] Started Hold until boot process finishes up.
[[0;32m  OK  [0m] Started Terminate Plymouth Boot Screen.
[[0;32m  OK  [0m] Started Serial Getty on ttyS0.
[[0;32m  OK  [0m] Started Getty on tty1.
[[0;32m  OK  [0m] Reached target Login Prompts.
         Starting Set console scheme...
[[0;32m  OK  [0m] Started Virtualbox guest utils.
[[0;32m  OK  [0m] Started LSB: automatic crash report generation.
[[0;32m  OK  [0m] Started Set console scheme.
[[0;32m  OK  [0m] Started LXD - container startup/shutdown.
[[0;32m  OK  [0m] Created slice User Slice of vagrant.
         Starting User Manager for UID 1000...
[[0;32m  OK  [0m] Started Session 1 of user vagrant.
[[0;32m  OK  [0m] Started User Manager for UID 1000.
[[0;32m  OK  [0m] Started Snappy daemon.
         Starting Wait until snapd is fully seeded...
[[0;32m  OK  [0m] Started Wait until snapd is fully seeded.
[[0;32m  OK  [0m] Started Clean php session files.
[[0;32m  OK  [0m] Started LSB: Apache2 web server.
[[0;32m  OK  [0m] Started MySQL Community Server.
[[0;32m  OK  [0m] Reached target Multi-User System.
         Starting Execute cloud user/final scripts...
[[0;32m  OK  [0m] Reached target Graphical Interface.
         Starting Update UTMP about System Runlevel Changes...
[   34.575030] cloud-init[1566]: Cloud-init v. 18.2 running 'modules:final' at Thu, 21 Jun 2018 07:59:25 +0000. Up 34.47 seconds.
[   34.575229] cloud-init[1566]: Cloud-init v. 18.2 finished at Thu, 21 Jun 2018 07:59:25 +0000. Datasource DataSourceNoCloud [seed=/dev/sdb][dsmode=net].  Up 34.57 seconds

Ubuntu 16.04.4 LTS ubuntu-xenial ttyS0

ubuntu-xenial login: 